#
# There is insufficient memory for the Java Runtime Environment to continue.
# Native memory allocation (mmap) failed to map 268435456 bytes for Failed to commit area from 0x0000000701600000 to 0x0000000711600000 of length 268435456.
# Possible reasons:
#   The system is out of physical RAM or swap space
#   The process is running with CompressedOops enabled, and the Java Heap may be blocking the growth of the native heap
# Possible solutions:
#   Reduce memory load on the system
#   Increase physical memory or swap space
#   Check if swap backing store is full
#   Decrease Java heap size (-Xmx/-Xms)
#   Decrease number of Java threads
#   Decrease Java thread stack sizes (-Xss)
#   Set larger code cache with -XX:ReservedCodeCacheSize=
# This output file may be truncated or incomplete.
#
#  Out of Memory Error (./src/hotspot/os/windows/os_windows.cpp:3303), pid=18184, tid=18560
#
# JRE version:  (11.0.9.1+11) (build )
# Java VM: OpenJDK 64-Bit Server VM (11.0.9.1+11-b1145.77, mixed mode, sharing, tiered, compressed oops, g1 gc, windows-amd64)
# No core dump will be written. Minidumps are not enabled by default on client versions of Windows
#

---------------  S U M M A R Y ------------

Command Line: com.intellij.util.ReadEnv C:\Users\dell\AppData\Local\Temp\intellij-cmd-env.15179571115695996938.tmp

Host: Intel(R) Core(TM) i7-4600U CPU @ 2.10GHz, 4 cores, 15G,  Windows 10 , 64 bit Build 19041 (10.0.19041.1202)
Time: Sun Nov 14 22:49:02 2021 Maroc (heure d’été) elapsed time: 0.139285 seconds (0d 0h 0m 0s)

---------------  T H R E A D  ---------------

Current thread (0x00000185851cd000):  JavaThread "Unknown thread" [_thread_in_vm, id=18560, stack(0x00000009c6d00000,0x00000009c6e00000)]

Stack: [0x00000009c6d00000,0x00000009c6e00000]
Native frames: (J=compiled Java code, j=interpreted, Vv=VM code, C=native code)
V  [jvm.dll+0x5edd9a]
V  [jvm.dll+0x7229c5]
V  [jvm.dll+0x723f1d]
V  [jvm.dll+0x7245d3]
V  [jvm.dll+0x2431b8]
V  [jvm.dll+0x5eb234]
V  [jvm.dll+0x5e0325]
V  [jvm.dll+0x2fe60b]
V  [jvm.dll+0x2fe57a]
V  [jvm.dll+0x2fe452]
V  [jvm.dll+0x303346]
V  [jvm.dll+0x34ba83]
V  [jvm.dll+0x34c186]
V  [jvm.dll+0x34bb83]
V  [jvm.dll+0x2d9218]
V  [jvm.dll+0x2da3c7]
V  [jvm.dll+0x701a67]
V  [jvm.dll+0x70325c]
V  [jvm.dll+0x359049]
V  [jvm.dll+0x6e552e]
V  [jvm.dll+0x3c1353]
V  [jvm.dll+0x3c3571]
C  [jli.dll+0x5373]
C  [ucrtbase.dll+0x21bb2]
C  [KERNEL32.DLL+0x17034]
C  [ntdll.dll+0x52651]


---------------  P R O C E S S  ---------------

Threads class SMR info:
_java_thread_list=0x00000185838c46e0, length=0, elements={
}

Java Threads: ( => current thread )

Other Threads:
  0x00000185851e6000 GCTaskThread "GC Thread#0" [stack: 0x00000009c6e00000,0x00000009c6f00000] [id=10232]
  0x0000018585240800 ConcurrentGCThread "G1 Main Marker" [stack: 0x00000009c6f00000,0x00000009c7000000] [id=11160]
  0x0000018585242800 ConcurrentGCThread "G1 Conc#0" [stack: 0x00000009c7000000,0x00000009c7100000] [id=12184]

[error occurred during error reporting (printing all threads), id 0xc0000005, EXCEPTION_ACCESS_VIOLATION (0xc0000005) at pc=0x00007fff64e29807]

VM state:not at safepoint (not fully initialized)

VM Mutex/Monitor currently owned by a thread:  ([mutex/lock_event])
[0x00000185851c8930] Heap_lock - owner thread: 0x00000185851cd000

Heap address: 0x0000000701600000, size: 4074 MB, Compressed Oops mode: Non-zero based: 0x0000000701600000
Narrow klass base: 0x0000000000000000, Narrow klass shift: 0

GC Heap History (0 events):
No events

Deoptimization events (0 events):
No events

Classes redefined (0 events):
No events

Internal exceptions (0 events):
No events

Events (1 events):
Event: 0.127 Loaded shared library C:\Program Files\JetBrains\PyCharm 2020.3.3\jbr\bin\zip.dll


Dynamic libraries:
0x00007ff69f790000 - 0x00007ff69f79a000 	C:\Program Files\JetBrains\PyCharm 2020.3.3\jbr\bin\java.exe
0x00007fffd1290000 - 0x00007fffd1485000 	C:\WINDOWS\SYSTEM32\ntdll.dll
0x00007fffcfa00000 - 0x00007fffcfabe000 	C:\WINDOWS\System32\KERNEL32.DLL
0x00007fffcec10000 - 0x00007fffceed9000 	C:\WINDOWS\System32\KERNELBASE.dll
0x00007fffce9b0000 - 0x00007fffceab0000 	C:\WINDOWS\System32\ucrtbase.dll
0x00007fff97060000 - 0x00007fff97077000 	C:\Program Files\JetBrains\PyCharm 2020.3.3\jbr\bin\VCRUNTIME140.dll
0x00007fff96f60000 - 0x00007fff96f79000 	C:\Program Files\JetBrains\PyCharm 2020.3.3\jbr\bin\jli.dll
0x00007fffcf2e0000 - 0x00007fffcf481000 	C:\WINDOWS\System32\USER32.dll
0x00007fffcf210000 - 0x00007fffcf232000 	C:\WINDOWS\System32\win32u.dll
0x00007fffd06e0000 - 0x00007fffd070b000 	C:\WINDOWS\System32\GDI32.dll
0x00007fffcef60000 - 0x00007fffcf06b000 	C:\WINDOWS\System32\gdi32full.dll
0x00007fffcf240000 - 0x00007fffcf2dd000 	C:\WINDOWS\System32\msvcp_win.dll
0x00007fffbf620000 - 0x00007fffbf8ba000 	C:\WINDOWS\WinSxS\amd64_microsoft.windows.common-controls_6595b64144ccf1df_6.0.19041.1110_none_60b5254171f9507e\COMCTL32.dll
0x00007fffd0fc0000 - 0x00007fffd105e000 	C:\WINDOWS\System32\msvcrt.dll
0x00007fffd1180000 - 0x00007fffd11b0000 	C:\WINDOWS\System32\IMM32.DLL
0x00007fff95da0000 - 0x00007fff95e3d000 	C:\Program Files\JetBrains\PyCharm 2020.3.3\jbr\bin\msvcp140.dll
0x00007fff64b40000 - 0x00007fff6560e000 	C:\Program Files\JetBrains\PyCharm 2020.3.3\jbr\bin\server\jvm.dll
0x00007fffcffe0000 - 0x00007fffd008c000 	C:\WINDOWS\System32\ADVAPI32.dll
0x00007fffd11b0000 - 0x00007fffd124b000 	C:\WINDOWS\System32\sechost.dll
0x00007fffd00f0000 - 0x00007fffd021a000 	C:\WINDOWS\System32\RPCRT4.dll
0x00007fffd06d0000 - 0x00007fffd06d8000 	C:\WINDOWS\System32\PSAPI.DLL
0x00007fffb89f0000 - 0x00007fffb89f9000 	C:\WINDOWS\SYSTEM32\WSOCK32.dll
0x00007fffd02a0000 - 0x00007fffd030b000 	C:\WINDOWS\System32\WS2_32.dll
0x00007fffbedc0000 - 0x00007fffbedca000 	C:\WINDOWS\SYSTEM32\VERSION.dll
0x00007fffc0330000 - 0x00007fffc0357000 	C:\WINDOWS\SYSTEM32\WINMM.dll
0x00007fffcc8b0000 - 0x00007fffcc8c2000 	C:\WINDOWS\SYSTEM32\kernel.appcore.dll
0x00007fffca4c0000 - 0x00007fffca4d1000 	C:\Program Files\JetBrains\PyCharm 2020.3.3\jbr\bin\verify.dll
0x00007fffbaaf0000 - 0x00007fffbacd4000 	C:\WINDOWS\SYSTEM32\DBGHELP.DLL
0x00007fffb9c30000 - 0x00007fffb9c5c000 	C:\WINDOWS\SYSTEM32\dbgcore.DLL
0x00007fffcf0d0000 - 0x00007fffcf153000 	C:\WINDOWS\System32\bcryptPrimitives.dll
0x00007fffb5ff0000 - 0x00007fffb6019000 	C:\Program Files\JetBrains\PyCharm 2020.3.3\jbr\bin\java.dll
0x00007fffc9b20000 - 0x00007fffc9b2b000 	C:\Program Files\JetBrains\PyCharm 2020.3.3\jbr\bin\jimage.dll
0x00007fffbb040000 - 0x00007fffbb058000 	C:\Program Files\JetBrains\PyCharm 2020.3.3\jbr\bin\zip.dll

dbghelp: loaded successfully - version: 4.0.5 - missing functions: none
symbol engine: initialized successfully - sym options: 0x614 - pdb path: .;C:\Program Files\JetBrains\PyCharm 2020.3.3\jbr\bin;C:\WINDOWS\SYSTEM32;C:\WINDOWS\WinSxS\amd64_microsoft.windows.common-controls_6595b64144ccf1df_6.0.19041.1110_none_60b5254171f9507e;C:\Program Files\JetBrains\PyCharm 2020.3.3\jbr\bin\server

VM Arguments:
java_command: com.intellij.util.ReadEnv C:\Users\dell\AppData\Local\Temp\intellij-cmd-env.15179571115695996938.tmp
java_class_path (initial): C:\Program Files\JetBrains\PyCharm 2020.3.3\lib\util.jar
Launcher Type: SUN_STANDARD

[Global flags]
     intx CICompilerCount                          = 3                                         {product} {ergonomic}
     uint ConcGCThreads                            = 1                                         {product} {ergonomic}
     uint G1ConcRefinementThreads                  = 4                                         {product} {ergonomic}
   size_t G1HeapRegionSize                         = 1048576                                   {product} {ergonomic}
    uintx GCDrainStackTargetSize                   = 64                                        {product} {ergonomic}
   size_t InitialHeapSize                          = 268435456                                 {product} {ergonomic}
   size_t MarkStackSize                            = 4194304                                   {product} {ergonomic}
   size_t MaxHeapSize                              = 4271898624                                {product} {ergonomic}
   size_t MinHeapDeltaBytes                        = 1048576                                   {product} {ergonomic}
    uintx NonNMethodCodeHeapSize                   = 5830732                                {pd product} {ergonomic}
    uintx NonProfiledCodeHeapSize                  = 122913754                              {pd product} {ergonomic}
    uintx ProfiledCodeHeapSize                     = 122913754                              {pd product} {ergonomic}
    uintx ReservedCodeCacheSize                    = 251658240                              {pd product} {ergonomic}
     bool SegmentedCodeCache                       = true                                      {product} {ergonomic}
     bool UseCompressedClassPointers               = true                                 {lp64_product} {ergonomic}
     bool UseCompressedOops                        = true                                 {lp64_product} {ergonomic}
     bool UseG1GC                                  = true                                      {product} {ergonomic}
     bool UseLargePagesIndividualAllocation        = false                                  {pd product} {ergonomic}

Logging:
Log output configuration:
 #0: stdout all=warning uptime,level,tags
 #1: stderr all=off uptime,level,tags

Environment Variables:
JAVA_HOME=C:\Program Files\Java\jdk1.8.0_211
PATH=C:\Users\dell\PycharmProjects\rdr\ma.emsi.env\Scripts;D:\bin\;C:\ProgramData\Oracle\Java\javapath;C:\Program Files\Common Files\Oracle\Java\javapath;C:\oraclexe\app\oracle\product\11.2.0\server\bin;C:\Program Files (x86)\Common Files\Oracle\Java\javapath;C:\app\dell\product\18.0.0\dbhomeXE\bin;C:\app\dell\product\18\dbhomeXE\bin;C:\oracle\dbhomeXE\bin;C:\app\dell\oracle\dbhomeXE\bin;C:\app\dell\product\oracle\dbhomeXE\bin;C:\WINDOWS\system32;C:\WINDOWS;C:\WINDOWS\System32\Wbem;C:\WINDOWS\System32\WindowsPowerShell\v1.0\;C:\xampp\php;C:\WINDOWS\System32\OpenSSH\;C:\cygwin64\cygwin64\bin;C:\Program Files\Java\jdk-11.0.1\bin;C:\Program Files\dotnet\;C:\Program Files\Microsoft SQL Server\130\Tools\Binn\;C:\laragon\bin\php\php-7.2.19-Win32-VC15-x64;C:\ProgramData\ComposerSetup\bin;C:\Program Files\Java\jdk-11.0.10\bin;C:\Program Files\Java\jdk1.8.0_211\bin;D:\;C:\ProgramData\chocolatey\bin;C:\Program Files\Odoo 14.0.20211014\python;C:\Users\dell\AppData\Local\Programs\Python\Python38-32\Scripts\;C:\Users\dell\AppData\Local\Programs\Python\Python38-32\;C:\Program Files\MySQL\MySQL Shell 8.0\bin\;C:\Program Files\Java\jdk1.8.0_211\bin;C:\Users\dell\AppData\Local\Microsoft\WindowsApps;C:\Users\dell\AppData\Local\GitHubDesktop\bin;C:\Users\dell\AppData\Local\Programs\Microsoft VS Code\bin;C:\Users\dell\.dotnet\tools;C:\Users\dell\AppData\Roaming\Composer\vendor\bin;D:\WebStorm 2021.2.3\bin;;C:\Users\dell\AppData\Roaming\npm;C:\Program Files\Odoo 14.0.20211014\python;
USERNAME=dell
OS=Windows_NT
PROCESSOR_IDENTIFIER=Intel64 Family 6 Model 69 Stepping 1, GenuineIntel



---------------  S Y S T E M  ---------------

OS: Windows 10 , 64 bit Build 19041 (10.0.19041.1202)
OS uptime: 4 days 10:01 hours

CPU:total 4 (initial active 4) (2 cores per cpu, 2 threads per core) family 6 model 69 stepping 1, cmov, cx8, fxsr, mmx, sse, sse2, sse3, ssse3, sse4.1, sse4.2, popcnt, avx, avx2, aes, clmul, erms, lzcnt, ht, tsc, tscinvbit, bmi1, bmi2, fma

Memory: 4k page, system-wide physical 16289M (3528M free)
TotalPageFile size 24617M (AvailPageFile size 187M)
current process WorkingSet (physical memory assigned to process): 10M, peak: 10M
current process commit charge ("private bytes"): 52M, peak: 307M

vm_info: OpenJDK 64-Bit Server VM (11.0.9.1+11-b1145.77) for windows-amd64 JRE (11.0.9.1+11-b1145.77), built on Jan 16 2021 05:14:13 by "" with MS VC++ 14.0 (VS2015)

END.
